Added Component: Designator=D1(0603_LED_S1)
Add component (AddParameter): Name = "ComponentLink1Description"; Value = "供应商链接"; VariantName = "[No Variations]"
Add component (AddParameter): Name = "ComponentLink1URL"; Value = "http://www.szlcsc.com/product/details_73147.html"; VariantName = "[No Variations]"
Add component (AddParameter): Name = "Notepad"; Value = ""; VariantName = "[No Variations]"
Add component (AddParameter): Name = "Package"; Value = "0603"; VariantName = "[No Variations]"
Add component (AddParameter): Name = "Supplier"; Value = "LC"; VariantName = "[No Variations]"
Add component (AddParameter): Name = "SuppliersPartNumber"; Value = "C72038"; VariantName = "[No Variations]"
Added Component: Designator=D2(0805_LED_S1)
Add component (AddParameter): Name = "ComponentLink1Description"; Value = "供应商链接"; VariantName = "[No Variations]"
Add component (AddParameter): Name = "ComponentLink1URL"; Value = "http://www.szlcsc.com/product/details_2668.html"; VariantName = "[No Variations]"
Add component (AddParameter): Name = "Notepad"; Value = ""; VariantName = "[No Variations]"
Add component (AddParameter): Name = "Package"; Value = "0805"; VariantName = "[No Variations]"
Add component (AddParameter): Name = "Supplier"; Value = "LC"; VariantName = "[No Variations]"
Add component (AddParameter): Name = "SuppliersPartNumber"; Value = "C2295"; VariantName = "[No Variations]"
Added Component: Designator=R1(0603_R)
Add component (AddParameter): Name = "ComponentLink1Description"; Value = "供应商链接"; VariantName = "[No Variations]"
Add component (AddParameter): Name = "ComponentLink1URL"; Value = "http://www.szlcsc.com/product/details_23889.html"; VariantName = "[No Variations]"
Add component (AddParameter): Name = "Notepad"; Value = ""; VariantName = "[No Variations]"
Add component (AddParameter): Name = "Package"; Value = "0603"; VariantName = "[No Variations]"
Add component (AddParameter): Name = "Supplier"; Value = "LC"; VariantName = "[No Variations]"
Add component (AddParameter): Name = "SuppliersPartNumber"; Value = "C23162"; VariantName = "[No Variations]"
Added Component: Designator=R2(0603_R)
Add component (AddParameter): Name = "ComponentLink1Description"; Value = "供应商链接"; VariantName = "[No Variations]"
Add component (AddParameter): Name = "ComponentLink1URL"; Value = "http://www.szlcsc.com/product/details_23889.html"; VariantName = "[No Variations]"
Add component (AddParameter): Name = "Notepad"; Value = ""; VariantName = "[No Variations]"
Add component (AddParameter): Name = "Package"; Value = "0603"; VariantName = "[No Variations]"
Add component (AddParameter): Name = "Supplier"; Value = "LC"; VariantName = "[No Variations]"
Add component (AddParameter): Name = "SuppliersPartNumber"; Value = "C23162"; VariantName = "[No Variations]"
Added Pin To Net: NetName=5V Pin=CN1-12
Added Pin To Net: NetName=5V Pin=FPC1-12
Added Pin To Net: NetName=5V Pin=R1-2
Added Pin To Net: NetName=5V Pin=R2-2
Added Net: Name=5V
Added Pin To Net: NetName=A Pin=CN1-10
Added Pin To Net: NetName=A Pin=FPC1-10
Added Net: Name=A
Added Pin To Net: NetName=B Pin=CN1-9
Added Pin To Net: NetName=B Pin=FPC1-9
Added Net: Name=B
Added Pin To Net: NetName=CLK Pin=CN1-4
Added Pin To Net: NetName=CLK Pin=FPC1-4
Added Net: Name=CLK
Added Pin To Net: NetName=CSN Pin=CN1-2
Added Pin To Net: NetName=CSN Pin=FPC1-2
Added Net: Name=CSN
Added Pin To Net: NetName=DO Pin=CN1-3
Added Pin To Net: NetName=DO Pin=FPC1-3
Added Net: Name=DO
Added Pin To Net: NetName=GND Pin=CN1-11
Added Pin To Net: NetName=GND Pin=D1-K
Added Pin To Net: NetName=GND Pin=D2-K
Added Pin To Net: NetName=GND Pin=FPC1-11
Added Net: Name=GND
Added Pin To Net: NetName=MagDECn Pin=CN1-5
Added Pin To Net: NetName=MagDECn Pin=D2-A
Added Pin To Net: NetName=MagDECn Pin=FPC1-5
Added Pin To Net: NetName=MagDECn Pin=R2-1
Added Net: Name=MagDECn
Added Pin To Net: NetName=MagINCn Pin=CN1-6
Added Pin To Net: NetName=MagINCn Pin=D1-A
Added Pin To Net: NetName=MagINCn Pin=FPC1-6
Added Pin To Net: NetName=MagINCn Pin=R1-1
Added Net: Name=MagINCn
Added Pin To Net: NetName=PWM Pin=CN1-7
Added Pin To Net: NetName=PWM Pin=FPC1-7
Added Net: Name=PWM
Added Pin To Net: NetName=Z Pin=CN1-8
Added Pin To Net: NetName=Z Pin=FPC1-8
Added Net: Name=Z
Added Member To Class: ClassName=转接板 Member=Component D1 黄灯 0603
Added Member To Class: ClassName=转接板 Member=Component D2 红灯 0805
Added Member To Class: ClassName=转接板 Member=Component R1 4.7KΩ (4701) ±1%
Added Member To Class: ClassName=转接板 Member=Component R2 4.7KΩ (4701) ±1%
